<?xml version="1.0" encoding="UTF-8"?>
<!-- Generated by org.testng.reporters.JUnitReportReporter -->
<testsuite hostname="VJ-GALAXY-BOOK" failures="0" tests="3" name="testNGPackage.NewTestNG" time="0.015" errors="0" timestamp="2025-04-09T12:49:41 IST" skipped="0">
  <testcase classname="testNGPackage.NewTestNG" name="display" time="0.011"/>
  <system-out/>
  <testcase classname="testNGPackage.NewTestNG" name="read" time="0.003"/>
  <system-out/>
  <testcase classname="testNGPackage.NewTestNG" name="print" time="0.001"/>
  <system-out/>
</testsuite> <!-- testNGPackage.NewTestNG -->
