<?xml version="1.0" encoding="UTF-8"?>
<!-- Generated by org.testng.reporters.JUnitReportReporter -->
<testsuite hostname="VJ-GALAXY-BOOK" failures="0" tests="2" name="testNGPackage.TestClass" time="0.018" errors="0" timestamp="2025-04-10T12:09:33 IST" skipped="0">
  <testcase classname="testNGPackage.TestClass" name="print" time="0.002"/>
  <system-out/>
  <testcase classname="testNGPackage.TestClass" name="display" time="0.016"/>
  <system-out/>
</testsuite> <!-- testNGPackage.TestClass -->
