<?xml version="1.0" encoding="UTF-8"?>
<!-- Generated by org.testng.reporters.JUnitReportReporter -->
<testsuite hostname="VJ-GALAXY-BOOK" failures="0" tests="1" name="testNGPackage.SamplePgm" time="0.019" errors="0" timestamp="2025-04-10T12:11:04 IST" skipped="0">
  <testcase classname="testNGPackage.SamplePgm" name="print" time="0.019"/>
  <system-out/>
</testsuite> <!-- testNGPackage.SamplePgm -->
