<?xml version="1.0" encoding="UTF-8"?>
<!-- Generated by org.testng.reporters.JUnitReportReporter -->
<testsuite hostname="VJ-GALAXY-BOOK" failures="0" tests="1" name="testNGPackage.NewTestPgm" time="0.011" errors="0" timestamp="2025-04-10T12:10:00 IST" skipped="0">
  <testcase classname="testNGPackage.NewTestPgm" name="print" time="0.011"/>
  <system-out/>
</testsuite> <!-- testNGPackage.NewTestPgm -->
