<?xml version="1.0" encoding="UTF-8"?>
<!-- Generated by org.testng.reporters.JUnitReportReporter -->
<testsuite hostname="VJ-GALAXY-BOOK" failures="0" tests="2" name="automationPackage.SubCategoryTest" time="7.062" errors="0" timestamp="2025-04-21T13:13:43 IST" skipped="0">
  <testcase classname="automationPackage.SubCategoryTest" name="createSubCategory" time="3.609"/>
  <system-out/>
  <testcase classname="automationPackage.SubCategoryTest" name="searchSubCategory" time="3.453"/>
  <system-out/>
</testsuite> <!-- automationPackage.SubCategoryTest -->
