<?xml version="1.0" encoding="UTF-8"?>
<!-- Generated by org.testng.reporters.JUnitReportReporter -->
<testsuite hostname="VJ-GALAXY-BOOK" failures="0" tests="1" name="automationPackage.AddUserTest" time="4.902" errors="0" timestamp="2025-04-24T12:57:49 IST" skipped="0">
  <testcase classname="automationPackage.AddUserTest" name="addNewUser" time="4.902"/>
  <system-out/>
</testsuite> <!-- automationPackage.AddUserTest -->
