<?xml version="1.0" encoding="UTF-8"?>
<!-- Generated by org.testng.reporters.JUnitReportReporter -->
<testsuite hostname="VJ-GALAXY-BOOK" failures="0" tests="1" name="automationPackage.AddNewsTest" time="9.173" errors="0" timestamp="2025-05-06T12:14:50 IST" skipped="0">
  <testcase classname="automationPackage.AddNewsTest" name="addNews" time="9.173"/>
  <system-out/>
</testsuite> <!-- automationPackage.AddNewsTest -->
