<?xml version="1.0" encoding="UTF-8"?>
<!-- Generated by org.testng.reporters.JUnitReportReporter -->
<testsuite hostname="VJ-GALAXY-BOOK" failures="0" tests="5" name="automationPackage.LoginPageTest" time="18.988" errors="0" timestamp="2025-05-09T16:30:12 IST" skipped="1">
  <testcase classname="automationPackage.LoginPageTest" name="verifyUserLoginWithValidCredentials" time="4.114"/>
  <system-out/>
  <testcase classname="automationPackage.LoginPageTest" name="verifyUserLoginWithInvalidUserNameAndValidPassword" time="3.263"/>
  <system-out/>
  <testcase classname="automationPackage.LoginPageTest" name="verifyUserLoginWithValidUserNameAndInvalidPassword" time="3.421"/>
  <system-out/>
  <testcase classname="automationPackage.LoginPageTest" name="verifyUserLoginWithInvalidUserNameAndInvalidPassword" time="4.520"/>
  <system-out/>
  <testcase classname="automationPackage.LoginPageTest" name="verifyUserLoginWithInvalidUserNameAndInvalidPassword" time="3.670">
    <skipped/>
  </testcase> <!-- verifyUserLoginWithInvalidUserNameAndInvalidPassword -->
  <system-out/>
</testsuite> <!-- automationPackage.LoginPageTest -->
