<?xml version="1.0" encoding="UTF-8"?>
<!-- Generated by org.testng.reporters.JUnitReportReporter -->
<testsuite hostname="VJ-GALAXY-BOOK" failures="0" tests="2" name="automationPackage.AddNewsTest" time="11.558" errors="0" timestamp="2025-05-07T11:17:08 IST" skipped="0">
  <testcase classname="automationPackage.AddNewsTest" name="addNews" time="5.423"/>
  <system-out/>
  <testcase classname="automationPackage.AddNewsTest" name="addNews" time="6.135"/>
  <system-out/>
</testsuite> <!-- automationPackage.AddNewsTest -->
