<?xml version="1.0" encoding="UTF-8"?>
<!-- Generated by org.testng.reporters.JUnitReportReporter -->
<testsuite hostname="VJ-GALAXY-BOOK" failures="0" tests="1" name="automationPackage.SubCategoryTest" time="4.884" errors="0" timestamp="2025-04-24T14:17:14 IST" skipped="0">
  <testcase classname="automationPackage.SubCategoryTest" name="searchSubCategory" time="4.884"/>
  <system-out/>
</testsuite> <!-- automationPackage.SubCategoryTest -->
