<?xml version="1.0" encoding="UTF-8"?>
<!-- Generated by org.testng.reporters.JUnitReportReporter -->
<testsuite hostname="VJ-GALAXY-BOOK" failures="0" tests="1" name="automationPackage.SearchUserTest" time="4.887" errors="0" timestamp="2025-04-24T10:52:00 IST" skipped="0">
  <testcase classname="automationPackage.SearchUserTest" name="searchUser" time="4.887"/>
  <system-out/>
</testsuite> <!-- automationPackage.SearchUserTest -->
