<?xml version="1.0" encoding="UTF-8"?>
<!-- Generated by org.testng.reporters.JUnitReportReporter -->
<testsuite hostname="VJ-GALAXY-BOOK" failures="0" tests="1" name="automationPackage.SubCategoryTest" time="9.231" errors="0" timestamp="2025-04-24T13:42:44 IST" skipped="0">
  <testcase classname="automationPackage.SubCategoryTest" name="createSubCategory" time="9.231"/>
  <system-out/>
</testsuite> <!-- automationPackage.SubCategoryTest -->
