<?xml version="1.0" encoding="UTF-8"?>
<!-- Generated by org.testng.reporters.JUnitReportReporter -->
<testsuite hostname="VJ-GALAXY-BOOK" failures="0" tests="1" name="automationPackage.LoginPageTest" time="4.577" errors="0" timestamp="2025-05-08T12:47:27 IST" skipped="0">
  <testcase classname="automationPackage.LoginPageTest" name="verifyUserLoginWithInvalidUserNameAndInvalidPassword" time="4.577"/>
  <system-out/>
</testsuite> <!-- automationPackage.LoginPageTest -->
