<?xml version="1.0" encoding="UTF-8"?>
<!-- Generated by org.testng.reporters.JUnitReportReporter -->
<testsuite hostname="VJ-GALAXY-BOOK" failures="0" tests="1" name="automationPackage.LoginPageTest" time="3.948" errors="0" timestamp="2025-04-23T13:12:00 IST" skipped="0">
  <testcase classname="automationPackage.LoginPageTest" name="verifyUserLoginWithValidCredentials" time="3.948"/>
  <system-out/>
</testsuite> <!-- automationPackage.LoginPageTest -->
