<?xml version="1.0" encoding="UTF-8"?>
<!-- Generated by org.testng.reporters.JUnitReportReporter -->
<testsuite hostname="VJ-GALAXY-BOOK" failures="0" tests="1" name="automationPackage.AddUserTest" time="4.312" errors="0" timestamp="2025-04-23T13:12:38 IST" skipped="0">
  <testcase classname="automationPackage.AddUserTest" name="addNewUser" time="4.312"/>
  <system-out/>
</testsuite> <!-- automationPackage.AddUserTest -->
