<?xml version="1.0" encoding="UTF-8"?>
<!-- Generated by org.testng.reporters.JUnitReportReporter -->
<testsuite hostname="VJ-GALAXY-BOOK" failures="0" tests="1" name="automationPackage.AddNewsTest" time="5.485" errors="0" timestamp="2025-04-18T12:19:41 IST" skipped="0">
  <testcase classname="automationPackage.AddNewsTest" name="f" time="5.485"/>
  <system-out/>
</testsuite> <!-- automationPackage.AddNewsTest -->
