<?xml version="1.0" encoding="UTF-8"?>
<!-- Generated by org.testng.reporters.JUnitReportReporter -->
<testsuite hostname="VJ-GALAXY-BOOK" failures="0" tests="1" name="automationPackage.AddNewsTest" time="5.683" errors="0" timestamp="2025-05-08T11:21:21 IST" skipped="0">
  <testcase classname="automationPackage.AddNewsTest" name="addNews" time="5.683"/>
  <system-out/>
</testsuite> <!-- automationPackage.AddNewsTest -->
