<?xml version="1.0" encoding="UTF-8"?>
<!-- Generated by org.testng.reporters.JUnitReportReporter -->
<testsuite hostname="VJ-GALAXY-BOOK" failures="0" tests="1" name="automationPackage.SearchNewsTest" time="5.808" errors="0" timestamp="2025-04-21T11:28:42 IST" skipped="0">
  <testcase classname="automationPackage.SearchNewsTest" name="searchNews" time="5.808"/>
  <system-out/>
</testsuite> <!-- automationPackage.SearchNewsTest -->
