<?xml version="1.0" encoding="UTF-8"?>
<!-- Generated by org.testng.reporters.JUnitReportReporter -->
<testsuite hostname="VJ-GALAXY-BOOK" failures="0" tests="1" name="automationPackage.AddUserTest" time="5.622" errors="0" timestamp="2025-04-22T14:05:58 IST" skipped="0">
  <testcase classname="automationPackage.AddUserTest" name="addNewUser" time="5.622"/>
  <system-out/>
</testsuite> <!-- automationPackage.AddUserTest -->
