<?xml version="1.0" encoding="UTF-8"?>
<!-- Generated by org.testng.reporters.JUnitReportReporter -->
<testsuite hostname="VJ-GALAXY-BOOK" failures="0" tests="1" name="automationPackage.HomePageTest" time="4.241" errors="0" timestamp="2025-04-22T13:21:50 IST" skipped="0">
  <testcase classname="automationPackage.HomePageTest" name="verifyUserLogout" time="4.241"/>
  <system-out/>
</testsuite> <!-- automationPackage.HomePageTest -->
