<?xml version="1.0" encoding="UTF-8"?>
<!-- Generated by org.testng.reporters.JUnitReportReporter -->
<testsuite hostname="VJ-GALAXY-BOOK" failures="0" tests="1" name="automationPackage.SearchUserTest" time="4.530" errors="0" timestamp="2025-04-21T11:29:04 IST" skipped="0">
  <testcase classname="automationPackage.SearchUserTest" name="searchUser" time="4.530"/>
  <system-out/>
</testsuite> <!-- automationPackage.SearchUserTest -->
