<?xml version="1.0" encoding="UTF-8"?>
<!-- Generated by org.testng.reporters.JUnitReportReporter -->
<testsuite hostname="VJ-GALAXY-BOOK" failures="0" tests="1" name="automationPackage.AddNewsTest" time="4.394" errors="0" timestamp="2025-04-27T13:59:59 IST" skipped="0">
  <testcase classname="automationPackage.AddNewsTest" name="addNews" time="4.394"/>
  <system-out/>
</testsuite> <!-- automationPackage.AddNewsTest -->
