<?xml version="1.0" encoding="UTF-8"?>
<!-- Generated by org.testng.reporters.JUnitReportReporter -->
<testsuite hostname="VJ-GALAXY-BOOK" failures="0" tests="1" name="automationPackage.SearchNewsTest" time="5.224" errors="0" timestamp="2025-05-08T11:25:20 IST" skipped="0">
  <testcase classname="automationPackage.SearchNewsTest" name="searchNews" time="5.224"/>
  <system-out/>
</testsuite> <!-- automationPackage.SearchNewsTest -->
