<?xml version="1.0" encoding="UTF-8"?>
<!-- Generated by org.testng.reporters.JUnitReportReporter -->
<testsuite hostname="VJ-GALAXY-BOOK" failures="0" tests="1" name="automationPackage.LoginPageTest" time="4.187" errors="0" timestamp="2025-04-16T13:29:56 IST" skipped="0">
  <testcase classname="automationPackage.LoginPageTest" name="verifyUserLoginWithValidCredentials" time="4.187"/>
  <system-out/>
</testsuite> <!-- automationPackage.LoginPageTest -->
