<?xml version="1.0" encoding="UTF-8"?>
<!-- Generated by org.testng.reporters.JUnitReportReporter -->
<testsuite hostname="VJ-GALAXY-BOOK" failures="0" tests="1" name="automationPackage.LoginPageTest" time="3.825" errors="0" timestamp="2025-04-25T11:34:36 IST" skipped="0">
  <testcase classname="automationPackage.LoginPageTest" name="verifyUserLoginWithInvalidUserNameAndValidPassword" time="3.825"/>
  <system-out/>
</testsuite> <!-- automationPackage.LoginPageTest -->
