<?xml version="1.0" encoding="UTF-8"?>
<!-- Generated by org.testng.reporters.JUnitReportReporter -->
<testsuite hostname="VJ-GALAXY-BOOK" failures="0" tests="1" name="automationPackage.AddUserTest" time="6.107" errors="0" timestamp="2025-05-09T16:52:38 IST" skipped="0">
  <testcase classname="automationPackage.AddUserTest" name="addNewUserFake" time="6.107"/>
  <system-out/>
</testsuite> <!-- automationPackage.AddUserTest -->
