<?xml version="1.0" encoding="UTF-8"?>
<!-- Generated by org.testng.reporters.JUnitReportReporter -->
<testsuite hostname="VJ-GALAXY-BOOK" failures="0" tests="2" name="automationPackage.LoginPageTest" time="11.324" errors="0" timestamp="2025-05-06T12:32:10 IST" skipped="0">
  <testcase classname="automationPackage.LoginPageTest" name="verifyUserLoginWithValidCredentials" time="6.041"/>
  <system-out/>
  <testcase classname="automationPackage.LoginPageTest" name="verifyUserLoginWithInvalidUserNameAndValidPassword" time="5.283"/>
  <system-out/>
</testsuite> <!-- automationPackage.LoginPageTest -->
