<?xml version="1.0" encoding="UTF-8"?>
<!-- Generated by org.testng.reporters.JUnitReportReporter -->
<testsuite hostname="VJ-GALAXY-BOOK" failures="0" tests="1" name="demoPackage.LoginPageTest" time="6.839" errors="0" timestamp="2025-04-10T12:33:47 IST" skipped="0">
  <testcase classname="demoPackage.LoginPageTest" name="verifyEnterUsernamePassword" time="6.839"/>
  <system-out/>
</testsuite> <!-- demoPackage.LoginPageTest -->
