<?xml version="1.0" encoding="UTF-8"?>
<!-- Generated by org.testng.reporters.JUnitReportReporter -->
<testsuite hostname="VJ-GALAXY-BOOK" failures="0" tests="1" name="demoPackage.LoginPageTest" time="7.422" errors="0" timestamp="2025-04-16T12:12:50 IST" skipped="0">
  <testcase classname="demoPackage.LoginPageTest" name="verifyEnterUsernamePassword" time="7.422"/>
  <system-out/>
</testsuite> <!-- demoPackage.LoginPageTest -->
